<?xml version="1.0" encoding="UTF-8"?>
<!-- Generated by org.testng.reporters.JUnitReportReporter -->
<testsuite skipped="0" hostname="LTAUS00092" name="com.josh.UnitTests.MathClassTest" tests="1" failures="0" timestamp="06 Sep 2018 06:09:43 GMT" time="0.032" errors="0">
  <testcase name="addTest" time="0.032" classname="com.josh.UnitTests.MathClassTest"/>
</testsuite> <!-- com.josh.UnitTests.MathClassTest -->
