<?xml version="1.0" encoding="UTF-8"?>
<!-- Generated by org.testng.reporters.JUnitReportReporter -->
<testsuite skipped="0" hostname="LTAUS00092" name="com.josh.UnitTests.NamedOdd" tests="1" failures="0" timestamp="06 Sep 2018 06:09:43 GMT" time="0.007" errors="0">
  <testcase name="test" time="0.007" classname="com.josh.UnitTests.NamedOdd"/>
</testsuite> <!-- com.josh.UnitTests.NamedOdd -->
