<?xml version="1.0" encoding="UTF-8"?>
<!-- Generated by org.testng.reporters.JUnitReportReporter -->
<testsuite skipped="0" hostname="LTAUS00092" name="com.josh.UnitTests.NamedOddTests" tests="1" failures="0" timestamp="06 Sep 2018 06:09:43 GMT" time="0.003" errors="0">
  <testcase name="test" time="0.003" classname="com.josh.UnitTests.NamedOddTests"/>
</testsuite> <!-- com.josh.UnitTests.NamedOddTests -->
